
> admin@0.1.0 build
> prisma generate && next build

Environment variables loaded from .env
Prisma schema loaded from prisma\schema.prisma

✔ Installed the @prisma/client and prisma packages in your project

✔ Generated Prisma Client (v5.22.0) to .\..\..\node_modules\@prisma\client in 72ms

Start by importing your Prisma Client (See: https://pris.ly/d/importing-client)

Help us improve the Prisma ORM for everyone. Share your feedback in a short 2-min survey: https://pris.ly/orm/survey/release-5-22

▲ Next.js 16.1.4 (Turbopack)
- Environments: .env.local, .env

⚠ The "middleware" file convention is deprecated. Please use "proxy" instead. Learn more: https://nextjs.org/docs/messages/middleware-to-proxy
  Creating an optimized production build ...
✓ Compiled successfully in 5.3s
  Running TypeScript ...
  Collecting page data using 11 workers ...
  Generating static pages using 11 workers (0/23) ...
  Generating static pages using 11 workers (5/23) 
  Generating static pages using 11 workers (11/23) 
  Generating static pages using 11 workers (17/23) 
✓ Generating static pages using 11 workers (23/23) in 538.0ms
  Finalizing page optimization ...

Route (app)
┌ ○ /
├ ○ /_not-found
├ ○ /admin
├ ○ /admin/categories
├ ƒ /admin/categories/[id]
├ ○ /admin/categories/new
├ ○ /admin/customers
├ ƒ /admin/customers/[id]
├ ○ /admin/documentation
├ ○ /admin/login
├ ○ /admin/low-stock
├ ○ /admin/merchants
├ ○ /admin/orders
├ ƒ /admin/orders/[id]
├ ○ /admin/products
├ ƒ /admin/products/[id]/edit
├ ○ /admin/products/new
├ ○ /admin/register
├ ○ /admin/reviews
├ ○ /admin/settings
├ ○ /admin/special-categories
├ ƒ /api/admin/dashboard-stats
├ ƒ /api/admin/merchants
├ ƒ /api/admin/register
└ ƒ /api/admin/verify


ƒ Proxy (Middleware)

○  (Static)   prerendered as static content
ƒ  (Dynamic)  server-rendered on demand

